ðŸ“Š Updating dashboard via monitor project...
ðŸ“Š Updating job status: weather-hourly-quick -> running (5%)
âœ… Status file updated: /home/j.palmer/research/mosquito-alert-model-monitor/data/status/weather-hourly-quick.json
ðŸ”„ Attempting dashboard sync with git lock...
ðŸ”„ Git sync requested: weather-hourly-quick (running)
âœ… Git lock acquired (PID: 503521)
ðŸ”„ Starting git sync operations...
ðŸ“ Working directory: /home/j.palmer/research/mosquito-alert-model-monitor
ðŸ“ Adding updated files...
ðŸ“‹ Changes to commit:
data/status/weather-hourly-quick.json
ðŸ’¾ Committing: Dashboard update: weather-hourly-quick (running) (2025-08-25 14:37:25)
[main f89eac8] Dashboard update: weather-hourly-quick (running) (2025-08-25 14:37:25)
 1 file changed, 6 insertions(+), 6 deletions(-)
âœ… Changes committed successfully
â¬†ï¸  Pushing to remote...
âš ï¸  Push attempt 1 failed
ðŸ”„ Pulling latest changes...
âš ï¸  Rebase failed, retrying anyway...
âš ï¸  Push attempt 2 failed
ðŸ”„ Pulling latest changes...
âš ï¸  Rebase failed, retrying anyway...
âš ï¸  Push attempt 3 failed
âš ï¸  All push attempts failed, but local commit succeeded
âœ… Git sync completed: weather-hourly-quick (running)
ðŸ”“ Git lock released
ðŸ“Š Status update complete: weather-hourly-quick -> running
Starting hourly weather data collection: Mon Aug 25 16:37:36 CEST 2025
Collecting hourly observations...
ðŸ“Š Updating dashboard via monitor project...
ðŸ“Š Updating job status: weather-hourly-quick -> running (50%)
âœ… Status file updated: /home/j.palmer/research/mosquito-alert-model-monitor/data/status/weather-hourly-quick.json
ðŸ”„ Attempting dashboard sync with git lock...
ðŸ”„ Git sync requested: weather-hourly-quick (running)
âœ… Git lock acquired (PID: 503572)
ðŸ”„ Starting git sync operations...
ðŸ“ Working directory: /home/j.palmer/research/mosquito-alert-model-monitor
ðŸ“ Adding updated files...
ðŸ“‹ Changes to commit:
data/status/weather-hourly-quick.json
ðŸ’¾ Committing: Dashboard update: weather-hourly-quick (running) (2025-08-25 14:37:37)
[main 982986a] Dashboard update: weather-hourly-quick (running) (2025-08-25 14:37:37)
 1 file changed, 4 insertions(+), 4 deletions(-)
âœ… Changes committed successfully
â¬†ï¸  Pushing to remote...
âš ï¸  Push attempt 1 failed
ðŸ”„ Pulling latest changes...
âš ï¸  Rebase failed, retrying anyway...
âš ï¸  Push attempt 2 failed
ðŸ”„ Pulling latest changes...
âš ï¸  Rebase failed, retrying anyway...
âš ï¸  Push attempt 3 failed
âš ï¸  All push attempts failed, but local commit succeeded
âœ… Git sync completed: weather-hourly-quick (running)
ðŸ”“ Git lock released
ðŸ“Š Status update complete: weather-hourly-quick -> running
ðŸ“Š Updating dashboard via monitor project...
ðŸ“Š Updating job status: weather-hourly-quick -> completed (100%)
âœ… Status file updated: /home/j.palmer/research/mosquito-alert-model-monitor/data/status/weather-hourly-quick.json
ðŸ”„ Attempting dashboard sync with git lock...
ðŸ”„ Git sync requested: weather-hourly-quick (completed)
âœ… Git lock acquired (PID: 503669)
ðŸ”„ Starting git sync operations...
ðŸ“ Working directory: /home/j.palmer/research/mosquito-alert-model-monitor
ðŸ“ Adding updated files...
ðŸ“‹ Changes to commit:
data/status/weather-hourly-quick.json
ðŸ’¾ Committing: Dashboard update: weather-hourly-quick (completed) (2025-08-25 14:38:10)
[main 9e25127] Dashboard update: weather-hourly-quick (completed) (2025-08-25 14:38:10)
 1 file changed, 5 insertions(+), 5 deletions(-)
âœ… Changes committed successfully
â¬†ï¸  Pushing to remote...
âš ï¸  Push attempt 1 failed
ðŸ”„ Pulling latest changes...
âš ï¸  Rebase failed, retrying anyway...
âš ï¸  Push attempt 2 failed
ðŸ”„ Pulling latest changes...
âš ï¸  Rebase failed, retrying anyway...
âš ï¸  Push attempt 3 failed
âš ï¸  All push attempts failed, but local commit succeeded
âœ… Git sync completed: weather-hourly-quick (completed)
ðŸ”“ Git lock released
ðŸ“Š Status update complete: weather-hourly-quick -> completed
âœ… Hourly data collection successful
Hourly weather data collection completed: Mon Aug 25 16:38:21 CEST 2025
ðŸ“Š Updating dashboard via monitor project...
ðŸ“Š Updating job status: weather-hourly-quick -> completed (100%)
âœ… Status file updated: /home/j.palmer/research/mosquito-alert-model-monitor/data/status/weather-hourly-quick.json
ðŸ”„ Attempting dashboard sync with git lock...
ðŸ”„ Git sync requested: weather-hourly-quick (completed)
âœ… Git lock acquired (PID: 503721)
ðŸ”„ Starting git sync operations...
ðŸ“ Working directory: /home/j.palmer/research/mosquito-alert-model-monitor
ðŸ“ Adding updated files...
ðŸ“‹ Changes to commit:
data/status/weather-hourly-quick.json
ðŸ’¾ Committing: Dashboard update: weather-hourly-quick (completed) (2025-08-25 14:38:21)
[main 4492e36] Dashboard update: weather-hourly-quick (completed) (2025-08-25 14:38:21)
 1 file changed, 3 insertions(+), 3 deletions(-)
âœ… Changes committed successfully
â¬†ï¸  Pushing to remote...
âš ï¸  Push attempt 1 failed
ðŸ”„ Pulling latest changes...
âš ï¸  Rebase failed, retrying anyway...
âš ï¸  Push attempt 2 failed
ðŸ”„ Pulling latest changes...
âš ï¸  Rebase failed, retrying anyway...
âš ï¸  Push attempt 3 failed
âš ï¸  All push attempts failed, but local commit succeeded
âœ… Git sync completed: weather-hourly-quick (completed)
ðŸ”“ Git lock released
ðŸ“Š Status update complete: weather-hourly-quick -> completed
