Agent pid 442591
Agent pid 442599
Status updated for weather-hourly: running
Status file written to: /home/j.palmer/research/mosquito-alert-model-monitor/data/status/weather-hourly.json
Monitor repo: /home/j.palmer/research/mosquito-alert-model-monitor
✅ Status file created successfully
File size: 483 bytes
🔄 Triggering dashboard rebuild via git push...
✅ Dashboard rebuild triggered - will be live in ~2-3 minutes
- The project is out-of-sync -- use `renv::status()` for details.
Already up to date.
Starting weather data collection: Fri Aug 22 02:04:46 CEST 2025
Agent pid 442680
Status updated for weather-hourly: running
Status file written to: /home/j.palmer/research/mosquito-alert-model-monitor/data/status/weather-hourly.json
Monitor repo: /home/j.palmer/research/mosquito-alert-model-monitor
✅ Status file created successfully
File size: 486 bytes
🔄 Triggering dashboard rebuild via git push...
✅ Dashboard rebuild triggered - will be live in ~2-3 minutes
Collecting municipal forecasts...
Agent pid 442722
Status updated for weather-forecast: running
Status file written to: /home/j.palmer/research/mosquito-alert-model-monitor/data/status/weather-forecast.json
Monitor repo: /home/j.palmer/research/mosquito-alert-model-monitor
✅ Status file created successfully
File size: 488 bytes
🔄 Triggering dashboard rebuild via git push...
✅ Dashboard rebuild triggered - will be live in ~2-3 minutes
Agent pid 442816
Status updated for weather-forecast: completed
Status file written to: /home/j.palmer/research/mosquito-alert-model-monitor/data/status/weather-forecast.json
Monitor repo: /home/j.palmer/research/mosquito-alert-model-monitor
✅ Status file created successfully
File size: 491 bytes
🔄 Triggering dashboard rebuild via git push...
✅ Dashboard rebuild triggered - will be live in ~2-3 minutes
Collecting hourly observations...
Agent pid 442858
Status updated for weather-hourly: running
Status file written to: /home/j.palmer/research/mosquito-alert-model-monitor/data/status/weather-hourly.json
Monitor repo: /home/j.palmer/research/mosquito-alert-model-monitor
✅ Status file created successfully
File size: 487 bytes
🔄 Triggering dashboard rebuild via git push...
✅ Dashboard rebuild triggered - will be live in ~2-3 minutes
Agent pid 442972
Status updated for weather-hourly: completed
Status file written to: /home/j.palmer/research/mosquito-alert-model-monitor/data/status/weather-hourly.json
Monitor repo: /home/j.palmer/research/mosquito-alert-model-monitor
✅ Status file created successfully
File size: 490 bytes
🔄 Triggering dashboard rebuild via git push...
✅ Dashboard rebuild triggered - will be live in ~2-3 minutes
Agent pid 443014
Status updated for weather-hourly: failed
Status file written to: /home/j.palmer/research/mosquito-alert-model-monitor/data/status/weather-hourly.json
Monitor repo: /home/j.palmer/research/mosquito-alert-model-monitor
✅ Status file created successfully
File size: 486 bytes
🔄 Triggering dashboard rebuild via git push...
✅ Dashboard rebuild triggered - will be live in ~2-3 minutes
