Agent pid 441878
Agent pid 441886
Status updated for weather-data-collector: running
Status file written to: /home/j.palmer/research/mosquito-alert-model-monitor/data/status/weather-data-collector.json
Monitor repo: /home/j.palmer/research/mosquito-alert-model-monitor
✅ Status file created successfully
File size: 492 bytes
- The project is out-of-sync -- use `renv::status()` for details.
Already up to date.
Starting weather data collection: Fri Aug 22 01:30:45 CEST 2025
Agent pid 441957
Status updated for weather-data-collector: running
Status file written to: /home/j.palmer/research/mosquito-alert-model-monitor/data/status/weather-data-collector.json
Monitor repo: /home/j.palmer/research/mosquito-alert-model-monitor
✅ Status file created successfully
File size: 493 bytes
Collecting municipal forecasts...
Agent pid 441989
Status updated for weather-forecast: running
Status file written to: /home/j.palmer/research/mosquito-alert-model-monitor/data/status/weather-forecast.json
Monitor repo: /home/j.palmer/research/mosquito-alert-model-monitor
✅ Status file created successfully
File size: 488 bytes
Agent pid 442068
Status updated for weather-forecast: completed
Status file written to: /home/j.palmer/research/mosquito-alert-model-monitor/data/status/weather-forecast.json
Monitor repo: /home/j.palmer/research/mosquito-alert-model-monitor
✅ Status file created successfully
File size: 491 bytes
Collecting hourly observations...
Agent pid 442101
Status updated for weather-hourly: running
Status file written to: /home/j.palmer/research/mosquito-alert-model-monitor/data/status/weather-hourly.json
Monitor repo: /home/j.palmer/research/mosquito-alert-model-monitor
✅ Status file created successfully
File size: 486 bytes
Agent pid 442204
Status updated for weather-hourly: completed
Status file written to: /home/j.palmer/research/mosquito-alert-model-monitor/data/status/weather-hourly.json
Monitor repo: /home/j.palmer/research/mosquito-alert-model-monitor
✅ Status file created successfully
File size: 490 bytes
Updating historical data...
Agent pid 442236
Status updated for weather-historical: running
Status file written to: /home/j.palmer/research/mosquito-alert-model-monitor/data/status/weather-historical.json
Monitor repo: /home/j.palmer/research/mosquito-alert-model-monitor
✅ Status file created successfully
File size: 491 bytes
