Lmod has detected the following error: The following module(s) are unknown:
"openssl/1.1.1"

Please check the spelling or version number. Also try "module spider ..."
It is also possible your cache file is out-of-date; it may help to try:
  $ module --ignore_cache load "openssl/1.1.1"

Also make sure that all modulefiles written in TCL start with the string
#%Module




CondaError: Run 'conda init' before 'conda activate'

Identity added: /home/j.palmer/.ssh/id_rsa (/home/j.palmer/.ssh/id_rsa)
Identity added: /home/j.palmer/.ssh/id_rsa (/home/j.palmer/.ssh/id_rsa)

CondaError: Run 'conda init' before 'conda activate'

From github.com:Mosquito-Alert/weather-data-collector-spain
 * branch            main       -> FETCH_HEAD
Identity added: /home/j.palmer/.ssh/id_rsa (/home/j.palmer/.ssh/id_rsa)

CondaError: Run 'conda init' before 'conda activate'

Identity added: /home/j.palmer/.ssh/id_rsa (/home/j.palmer/.ssh/id_rsa)

CondaError: Run 'conda init' before 'conda activate'

Identity added: /home/j.palmer/.ssh/id_rsa (/home/j.palmer/.ssh/id_rsa)

CondaError: Run 'conda init' before 'conda activate'

Identity added: /home/j.palmer/.ssh/id_rsa (/home/j.palmer/.ssh/id_rsa)

CondaError: Run 'conda init' before 'conda activate'

Identity added: /home/j.palmer/.ssh/id_rsa (/home/j.palmer/.ssh/id_rsa)

CondaError: Run 'conda init' before 'conda activate'

Identity added: /home/j.palmer/.ssh/id_rsa (/home/j.palmer/.ssh/id_rsa)

CondaError: Run 'conda init' before 'conda activate'

/var/spool/slurmd/job17294/slurm_script: line 102: syntax error near unexpected token `fi'
/var/spool/slurmd/job17294/slurm_script: line 102: `fi'
