Agent pid 795057
WARNING: Failed to activate conda environment mosquito-alert-monitor
Status updated for weather-hourly-quick: running
Status file written to: /home/j.palmer/research/mosquito-alert-model-monitor/data/status/weather-hourly-quick.json
Monitor repo: /home/j.palmer/research/mosquito-alert-model-monitor
✅ Status file created successfully
File size: 483 bytes
🔄 Triggering dashboard rebuild via git push...
⚠️  Git push failed - dashboard may not update automatically
Starting hourly weather data collection: Sat Aug 23 15:05:04 CEST 2025
Collecting hourly observations...
Agent pid 795093
WARNING: Failed to activate conda environment mosquito-alert-monitor
Status updated for weather-hourly-quick: running
Status file written to: /home/j.palmer/research/mosquito-alert-model-monitor/data/status/weather-hourly-quick.json
Monitor repo: /home/j.palmer/research/mosquito-alert-model-monitor
✅ Status file created successfully
File size: 484 bytes
🔄 Triggering dashboard rebuild via git push...
⚠️  Git push failed - dashboard may not update automatically
Agent pid 795131
WARNING: Failed to activate conda environment mosquito-alert-monitor
Status updated for weather-hourly-quick: failed
Status file written to: /home/j.palmer/research/mosquito-alert-model-monitor/data/status/weather-hourly-quick.json
Monitor repo: /home/j.palmer/research/mosquito-alert-model-monitor
✅ Status file created successfully
File size: 483 bytes
🔄 Triggering dashboard rebuild via git push...
⚠️  Git push failed - dashboard may not update automatically
❌ Hourly data collection failed
Hourly weather data collection completed: Sat Aug 23 15:05:07 CEST 2025
Agent pid 795167
WARNING: Failed to activate conda environment mosquito-alert-monitor
Status updated for weather-hourly-quick: completed
Status file written to: /home/j.palmer/research/mosquito-alert-model-monitor/data/status/weather-hourly-quick.json
Monitor repo: /home/j.palmer/research/mosquito-alert-model-monitor
✅ Status file created successfully
File size: 487 bytes
🔄 Triggering dashboard rebuild via git push...
⚠️  Git push failed - dashboard may not update automatically
