ðŸ“Š Updating dashboard via monitor project...
ðŸ“Š Updating job status: weather-hourly-quick -> running (5%)
âœ… Status file updated: /home/j.palmer/research/mosquito-alert-model-monitor/data/status/weather-hourly-quick.json
ðŸ”„ Attempting dashboard sync...
ðŸ”„ Attempting to sync with remote repository...
âš ï¸  Git pull attempt 1 failed, retrying in 2 seconds...
âš ï¸  Git pull attempt 2 failed, retrying in 2 seconds...
âš ï¸  Git pull attempt 3 failed, retrying in 2 seconds...
âš ï¸  Git pull failed after 3 attempts
ðŸ“ Status files updated locally but dashboard may not reflect changes
[main 897a341] Dashboard update: weather-hourly-quick -> running (2025-08-23 17:42:00)
 1 file changed, 6 insertions(+), 6 deletions(-)
âœ… Changes committed locally
âš ï¸  Git push attempt 1 failed, retrying in 2 seconds...
âš ï¸  Git push attempt 2 failed, retrying in 2 seconds...
âš ï¸  Git push attempt 3 failed, retrying in 2 seconds...
âš ï¸  Git push failed after 3 attempts
ðŸ“ Status files updated locally but dashboard may not reflect changes
ðŸ“ Dashboard updated locally but not deployed to GitHub
ðŸ’¡ Manual push may be needed later: cd /home/j.palmer/research/mosquito-alert-model-monitor && git push origin main
ðŸ“Š Status update complete: weather-hourly-quick -> running
Starting hourly weather data collection: Sat Aug 23 17:42:09 CEST 2025
Collecting hourly observations...
ðŸ“Š Updating dashboard via monitor project...
ðŸ“Š Updating job status: weather-hourly-quick -> running (50%)
âœ… Status file updated: /home/j.palmer/research/mosquito-alert-model-monitor/data/status/weather-hourly-quick.json
ðŸ”„ Attempting dashboard sync...
ðŸ”„ Attempting to sync with remote repository...
âš ï¸  Git pull attempt 1 failed, retrying in 2 seconds...
âš ï¸  Git pull attempt 2 failed, retrying in 2 seconds...
âš ï¸  Git pull attempt 3 failed, retrying in 2 seconds...
âš ï¸  Git pull failed after 3 attempts
ðŸ“ Status files updated locally but dashboard may not reflect changes
[main ddd8a26] Dashboard update: weather-hourly-quick -> running (2025-08-23 17:42:16)
 1 file changed, 4 insertions(+), 4 deletions(-)
âœ… Changes committed locally
âš ï¸  Git push attempt 1 failed, retrying in 2 seconds...
âš ï¸  Git push attempt 2 failed, retrying in 2 seconds...
âš ï¸  Git push attempt 3 failed, retrying in 2 seconds...
âš ï¸  Git push failed after 3 attempts
ðŸ“ Status files updated locally but dashboard may not reflect changes
ðŸ“ Dashboard updated locally but not deployed to GitHub
ðŸ’¡ Manual push may be needed later: cd /home/j.palmer/research/mosquito-alert-model-monitor && git push origin main
ðŸ“Š Status update complete: weather-hourly-quick -> running
ðŸ“Š Updating dashboard via monitor project...
ðŸ“Š Updating job status: weather-hourly-quick -> completed (100%)
âœ… Status file updated: /home/j.palmer/research/mosquito-alert-model-monitor/data/status/weather-hourly-quick.json
ðŸ”„ Attempting dashboard sync...
ðŸ”„ Attempting to sync with remote repository...
âš ï¸  Git pull attempt 1 failed, retrying in 2 seconds...
âš ï¸  Git pull attempt 2 failed, retrying in 2 seconds...
âš ï¸  Git pull attempt 3 failed, retrying in 2 seconds...
âš ï¸  Git pull failed after 3 attempts
ðŸ“ Status files updated locally but dashboard may not reflect changes
[main ce7cbb1] Dashboard update: weather-hourly-quick -> completed (2025-08-23 17:42:54)
 1 file changed, 6 insertions(+), 6 deletions(-)
âœ… Changes committed locally
âš ï¸  Git push attempt 1 failed, retrying in 2 seconds...
âš ï¸  Git push attempt 2 failed, retrying in 2 seconds...
âš ï¸  Git push attempt 3 failed, retrying in 2 seconds...
âš ï¸  Git push failed after 3 attempts
ðŸ“ Status files updated locally but dashboard may not reflect changes
ðŸ“ Dashboard updated locally but not deployed to GitHub
ðŸ’¡ Manual push may be needed later: cd /home/j.palmer/research/mosquito-alert-model-monitor && git push origin main
ðŸ“Š Status update complete: weather-hourly-quick -> completed
âœ… Hourly data collection successful
Hourly weather data collection completed: Sat Aug 23 17:43:04 CEST 2025
ðŸ“Š Updating dashboard via monitor project...
ðŸ“Š Updating job status: weather-hourly-quick -> completed (100%)
âœ… Status file updated: /home/j.palmer/research/mosquito-alert-model-monitor/data/status/weather-hourly-quick.json
ðŸ”„ Attempting dashboard sync...
ðŸ”„ Attempting to sync with remote repository...
âš ï¸  Git pull attempt 1 failed, retrying in 2 seconds...
âš ï¸  Git pull attempt 2 failed, retrying in 2 seconds...
âš ï¸  Git pull attempt 3 failed, retrying in 2 seconds...
âš ï¸  Git pull failed after 3 attempts
ðŸ“ Status files updated locally but dashboard may not reflect changes
[main 7ae09c2] Dashboard update: weather-hourly-quick -> completed (2025-08-23 17:43:10)
 1 file changed, 4 insertions(+), 4 deletions(-)
âœ… Changes committed locally
âš ï¸  Git push attempt 1 failed, retrying in 2 seconds...
âš ï¸  Git push attempt 2 failed, retrying in 2 seconds...
âš ï¸  Git push attempt 3 failed, retrying in 2 seconds...
âš ï¸  Git push failed after 3 attempts
ðŸ“ Status files updated locally but dashboard may not reflect changes
ðŸ“ Dashboard updated locally but not deployed to GitHub
ðŸ’¡ Manual push may be needed later: cd /home/j.palmer/research/mosquito-alert-model-monitor && git push origin main
ðŸ“Š Status update complete: weather-hourly-quick -> completed
